<?xml version="1.0" encoding="UTF-8"?>
<!-- Generated by org.testng.reporters.JUnitXMLReporter -->
<testsuite ignored="4" hostname="DESKTOP-H5PFGLB" failures="0" tests="3" name="Admission" time="0.091" errors="0" timestamp="2025-03-09T14:39:59 EDT">
  <testcase classname="myTestNGPackage.Program" name="studentlogin" time="0.016"/>
  <testcase classname="mynewpackage.program3" name="facultylogin" time="0.004"/>
  <testcase classname="myTestNGPackage.program2" name="adminlogin" time="0.004"/>
  <testcase classname="myTestNGPackage.program2" name="placement" time="0.0">
    <ignored/>
  </testcase> <!-- placement -->
  <testcase classname="myTestNGPackage.Program" name="studentlogout" time="0.0">
    <ignored/>
  </testcase> <!-- studentlogout -->
  <testcase classname="myTestNGPackage.program2" name="adminlogout" time="0.0">
    <ignored/>
  </testcase> <!-- adminlogout -->
  <testcase classname="mynewpackage.program3" name="facultylogout" time="0.0">
    <ignored/>
  </testcase> <!-- facultylogout -->
</testsuite> <!-- Admission -->
