<?xml version="1.0" encoding="UTF-8"?>
<!-- Generated by org.testng.reporters.JUnitXMLReporter -->
<testsuite ignored="0" hostname="DESKTOP-H5PFGLB" failures="1" tests="1" name="Assertion" time="0.097" errors="0" timestamp="2025-03-16T06:22:43 EDT">
  <testcase classname="myTestNGPackage.projectAssertions" name="assertuse" time="0.023">
    <failure type="java.lang.AssertionError" message="expected [titleB] but found [titleA]">
      <![CDATA[java.lang.AssertionError: expected [titleB] but found [titleA]
at myTestNGPackage.projectAssertions.assertuse(projectAssertions.java:9)
at java.base/java.util.ArrayList.forEach(ArrayList.java:1597)
... Removed 31 stack frames]]>
    </failure>
  </testcase> <!-- assertuse -->
</testsuite> <!-- Assertion -->
