<?xml version="1.0" encoding="UTF-8"?>
<!-- Generated by org.testng.reporters.JUnitXMLReporter -->
<testsuite ignored="2" hostname="DESKTOP-H5PFGLB" failures="0" tests="0" time="0.001" errors="0" timestamp="2025-03-08T13:18:32 EST">
  <testcase classname="myTestNGPackage.program3" name="facultylogout" time="0.0">
    <ignored/>
  </testcase> <!-- facultylogout -->
  <testcase classname="myTestNGPackage.program3" name="facultylogin" time="0.0">
    <ignored/>
  </testcase> <!-- facultylogin -->
</testsuite>
