<?xml version="1.0" encoding="UTF-8"?>
<!-- Generated by org.testng.reporters.JUnitXMLReporter -->
<testsuite ignored="0" hostname="DESKTOP-H5PFGLB" failures="0" tests="5" name="Student" time="0.11" errors="0" timestamp="2025-03-15T19:26:27 EDT">
  <testcase classname="myTestNGPackage.Program" name="studentlogout" time="0.011"/>
  <testcase classname="myTestNGPackage.Program" name="studentlogin" time="0.003"/>
  <testcase classname="myTestNGPackage.program2" name="adminlogout" time="0.004"/>
  <testcase classname="myTestNGPackage.program2" name="adminlogin" time="0.002"/>
  <testcase classname="myTestNGPackage.program2" name="placement" time="0.004"/>
</testsuite> <!-- Student -->
