<?xml version="1.0" encoding="UTF-8"?>
<!-- Generated by org.testng.reporters.JUnitXMLReporter -->
<testsuite ignored="0" hostname="DESKTOP-H5PFGLB" failures="0" tests="6" name="Test" time="0.114" errors="0" timestamp="2025-03-08T06:57:27 EST">
  <testcase classname="myTestNGPackage.program2" name="adminlogin" time="0.017"/>
  <testcase classname="myTestNGPackage.program2" name="adminlogout" time="0.002"/>
  <testcase classname="myTestNGPackage.Program" name="studentlogin" time="0.005"/>
  <testcase classname="myTestNGPackage.Program" name="studentlogout" time="0.005"/>
  <testcase classname="myTestNGPackage.program3" name="facultylogin" time="0.002"/>
  <testcase classname="myTestNGPackage.program3" name="facultylogout" time="0.004"/>
</testsuite> <!-- Test -->
